<?xml version="1.0" encoding="utf-8"?><testsuites name="pytest tests"><testsuite name="pytest" errors="0" failures="0" skipped="0" tests="11" time="1.902" timestamp="2026-04-28T12:12:16.781556+00:00" hostname="agent-env-989c07e0-27bb-4143-b92a-690556127e58"><testcase classname="backend.tests.test_shipments.TestListShipments" name="test_list_default_returns_all" time="0.281" /><testcase classname="backend.tests.test_shipments.TestListShipments" name="test_audience_shipper_returns_5" time="0.136" /><testcase classname="backend.tests.test_shipments.TestListShipments" name="test_audience_customer_returns_2" time="0.146" /><testcase classname="backend.tests.test_shipments.TestListShipments" name="test_filter_active_default" time="0.131" /><testcase classname="backend.tests.test_shipments.TestGetShipment" name="test_consolidated_5500" time="0.158" /><testcase classname="backend.tests.test_shipments.TestGetShipment" name="test_get_invalid_404" time="0.138" /><testcase classname="backend.tests.test_shipments.TestGetShipment" name="test_lookup_by_reference" time="0.317" /><testcase classname="backend.tests.test_shipments.TestGetOrder" name="test_order_7821_five_legs" time="0.148" /><testcase classname="backend.tests.test_shipments.TestGetOrder" name="test_order_7822_four_legs_no_air" time="0.159" /><testcase classname="backend.tests.test_shipments.TestGetOrder" name="test_order_for_shipper_shipment_returns_404" time="0.103" /><testcase classname="backend.tests.test_shipments.TestGetOrder" name="test_order_invalid_404" time="0.107" /></testsuite></testsuites>