<?xml version="1.0" encoding="utf-8"?><testsuites name="pytest tests"><testsuite name="pytest" errors="0" failures="0" skipped="0" tests="14" time="1.932" timestamp="2026-04-28T12:36:19.844604+00:00" hostname="agent-env-989c07e0-27bb-4143-b92a-690556127e58"><testcase classname="backend.tests.test_shipments.TestListShipments" name="test_list_default_returns_all" time="0.166" /><testcase classname="backend.tests.test_shipments.TestListShipments" name="test_audience_shipper_returns_5" time="0.108" /><testcase classname="backend.tests.test_shipments.TestListShipments" name="test_audience_customer_returns_2" time="0.099" /><testcase classname="backend.tests.test_shipments.TestListShipments" name="test_filter_active_default" time="0.121" /><testcase classname="backend.tests.test_shipments.TestGetShipment" name="test_consolidated_5500" time="0.183" /><testcase classname="backend.tests.test_shipments.TestGetShipment" name="test_get_invalid_404" time="0.110" /><testcase classname="backend.tests.test_shipments.TestGetShipment" name="test_lookup_by_reference" time="0.103" /><testcase classname="backend.tests.test_shipments.TestGetOrder" name="test_order_7821_legs" time="0.105" /><testcase classname="backend.tests.test_shipments.TestGetOrder" name="test_order_7822_four_legs_no_air" time="0.265" /><testcase classname="backend.tests.test_shipments.TestGetOrder" name="test_order_for_shipper_shipment_returns_404" time="0.105" /><testcase classname="backend.tests.test_shipments.TestGetOrder" name="test_order_invalid_404" time="0.140" /><testcase classname="backend.tests.test_shipments.TestDelayDays" name="test_4209_has_delay_12" time="0.105" /><testcase classname="backend.tests.test_shipments.TestDelayDays" name="test_others_default_delay_zero" time="0.120" /><testcase classname="backend.tests.test_shipments.TestDelayDays" name="test_count_delayed_over_7_days" time="0.104" /></testsuite></testsuites>